<?xml version="1.0" encoding="UTF-8"?>
<testsuite xmlns:xsi="http://www.w3.org/2001/XMLSchema-instance" xsi:noNamespaceSchemaLocation="https://maven.apache.org/surefire/maven-surefire-plugin/xsd/surefire-test-report.xsd" name="com.fresher.training.assignment.SpringBootRestExampleApplicationTests" time="1.926" tests="1" errors="0" skipped="0" failures="0">
  <properties>
    <property name="java.specification.version" value="17"/>
    <property name="sun.cpu.isalist" value="amd64"/>
    <property name="sun.jnu.encoding" value="Cp1252"/>
    <property name="java.class.path" value="C:\Users\mehulgupta\Downloads\spring-boot-rest-example\target\test-classes;C:\Users\mehulgupta\Downloads\spring-boot-rest-example\target\classes;C:\Users\mehulgupta\.m2\repository\org\springframework\boot\spring-boot-starter-web\2.3.0.M2\spring-boot-starter-web-2.3.0.M2.jar;C:\Users\mehulgupta\.m2\repository\org\springframework\boot\spring-boot-starter\2.3.0.M2\spring-boot-starter-2.3.0.M2.jar;C:\Users\mehulgupta\.m2\repository\org\springframework\boot\spring-boot\2.3.0.M2\spring-boot-2.3.0.M2.jar;C:\Users\mehulgupta\.m2\repository\org\springframework\boot\spring-boot-autoconfigure\2.3.0.M2\spring-boot-autoconfigure-2.3.0.M2.jar;C:\Users\mehulgupta\.m2\repository\org\springframework\boot\spring-boot-starter-logging\2.3.0.M2\spring-boot-starter-logging-2.3.0.M2.jar;C:\Users\mehulgupta\.m2\repository\ch\qos\logback\logback-classic\1.2.3\logback-classic-1.2.3.jar;C:\Users\mehulgupta\.m2\repository\ch\qos\logback\logback-core\1.2.3\logback-core-1.2.3.jar;C:\Users\mehulgupta\.m2\repository\org\apache\logging\log4j\log4j-to-slf4j\2.13.0\log4j-to-slf4j-2.13.0.jar;C:\Users\mehulgupta\.m2\repository\org\apache\logging\log4j\log4j-api\2.13.0\log4j-api-2.13.0.jar;C:\Users\mehulgupta\.m2\repository\org\slf4j\jul-to-slf4j\1.7.30\jul-to-slf4j-1.7.30.jar;C:\Users\mehulgupta\.m2\repository\jakarta\annotation\jakarta.annotation-api\1.3.5\jakarta.annotation-api-1.3.5.jar;C:\Users\mehulgupta\.m2\repository\org\yaml\snakeyaml\1.25\snakeyaml-1.25.jar;C:\Users\mehulgupta\.m2\repository\org\springframework\boot\spring-boot-starter-json\2.3.0.M2\spring-boot-starter-json-2.3.0.M2.jar;C:\Users\mehulgupta\.m2\repository\com\fasterxml\jackson\core\jackson-databind\2.10.1\jackson-databind-2.10.1.jar;C:\Users\mehulgupta\.m2\repository\com\fasterxml\jackson\core\jackson-annotations\2.10.1\jackson-annotations-2.10.1.jar;C:\Users\mehulgupta\.m2\repository\com\fasterxml\jackson\core\jackson-core\2.10.1\jackson-core-2.10.1.jar;C:\Users\mehulgupta\.m2\repository\com\fasterxml\jackson\datatype\jackson-datatype-jdk8\2.10.1\jackson-datatype-jdk8-2.10.1.jar;C:\Users\mehulgupta\.m2\repository\com\fasterxml\jackson\datatype\jackson-datatype-jsr310\2.10.1\jackson-datatype-jsr310-2.10.1.jar;C:\Users\mehulgupta\.m2\repository\com\fasterxml\jackson\module\jackson-module-parameter-names\2.10.1\jackson-module-parameter-names-2.10.1.jar;C:\Users\mehulgupta\.m2\repository\org\springframework\boot\spring-boot-starter-tomcat\2.3.0.M2\spring-boot-starter-tomcat-2.3.0.M2.jar;C:\Users\mehulgupta\.m2\repository\org\apache\tomcat\embed\tomcat-embed-core\9.0.31\tomcat-embed-core-9.0.31.jar;C:\Users\mehulgupta\.m2\repository\org\glassfish\jakarta.el\3.0.3\jakarta.el-3.0.3.jar;C:\Users\mehulgupta\.m2\repository\org\apache\tomcat\embed\tomcat-embed-websocket\9.0.31\tomcat-embed-websocket-9.0.31.jar;C:\Users\mehulgupta\.m2\repository\org\springframework\spring-web\5.2.3.RELEASE\spring-web-5.2.3.RELEASE.jar;C:\Users\mehulgupta\.m2\repository\org\springframework\spring-beans\5.2.3.RELEASE\spring-beans-5.2.3.RELEASE.jar;C:\Users\mehulgupta\.m2\repository\org\springframework\spring-webmvc\5.2.3.RELEASE\spring-webmvc-5.2.3.RELEASE.jar;C:\Users\mehulgupta\.m2\repository\org\springframework\spring-aop\5.2.3.RELEASE\spring-aop-5.2.3.RELEASE.jar;C:\Users\mehulgupta\.m2\repository\org\springframework\spring-context\5.2.3.RELEASE\spring-context-5.2.3.RELEASE.jar;C:\Users\mehulgupta\.m2\repository\org\springframework\spring-expression\5.2.3.RELEASE\spring-expression-5.2.3.RELEASE.jar;C:\Users\mehulgupta\.m2\repository\org\springframework\boot\spring-boot-starter-test\2.3.0.M2\spring-boot-starter-test-2.3.0.M2.jar;C:\Users\mehulgupta\.m2\repository\org\springframework\boot\spring-boot-test\2.3.0.M2\spring-boot-test-2.3.0.M2.jar;C:\Users\mehulgupta\.m2\repository\org\springframework\boot\spring-boot-test-autoconfigure\2.3.0.M2\spring-boot-test-autoconfigure-2.3.0.M2.jar;C:\Users\mehulgupta\.m2\repository\com\jayway\jsonpath\json-path\2.4.0\json-path-2.4.0.jar;C:\Users\mehulgupta\.m2\repository\net\minidev\json-smart\2.3\json-smart-2.3.jar;C:\Users\mehulgupta\.m2\repository\net\minidev\accessors-smart\1.2\accessors-smart-1.2.jar;C:\Users\mehulgupta\.m2\repository\org\ow2\asm\asm\5.0.4\asm-5.0.4.jar;C:\Users\mehulgupta\.m2\repository\org\slf4j\slf4j-api\1.7.30\slf4j-api-1.7.30.jar;C:\Users\mehulgupta\.m2\repository\jakarta\xml\bind\jakarta.xml.bind-api\2.3.2\jakarta.xml.bind-api-2.3.2.jar;C:\Users\mehulgupta\.m2\repository\jakarta\activation\jakarta.activation-api\1.2.1\jakarta.activation-api-1.2.1.jar;C:\Users\mehulgupta\.m2\repository\org\assertj\assertj-core\3.15.0\assertj-core-3.15.0.jar;C:\Users\mehulgupta\.m2\repository\org\hamcrest\hamcrest\2.2\hamcrest-2.2.jar;C:\Users\mehulgupta\.m2\repository\org\junit\jupiter\junit-jupiter\5.6.0\junit-jupiter-5.6.0.jar;C:\Users\mehulgupta\.m2\repository\org\junit\jupiter\junit-jupiter-api\5.6.0\junit-jupiter-api-5.6.0.jar;C:\Users\mehulgupta\.m2\repository\org\apiguardian\apiguardian-api\1.1.0\apiguardian-api-1.1.0.jar;C:\Users\mehulgupta\.m2\repository\org\opentest4j\opentest4j\1.2.0\opentest4j-1.2.0.jar;C:\Users\mehulgupta\.m2\repository\org\junit\platform\junit-platform-commons\1.6.0\junit-platform-commons-1.6.0.jar;C:\Users\mehulgupta\.m2\repository\org\junit\jupiter\junit-jupiter-params\5.6.0\junit-jupiter-params-5.6.0.jar;C:\Users\mehulgupta\.m2\repository\org\junit\jupiter\junit-jupiter-engine\5.6.0\junit-jupiter-engine-5.6.0.jar;C:\Users\mehulgupta\.m2\repository\org\junit\platform\junit-platform-engine\1.6.0\junit-platform-engine-1.6.0.jar;C:\Users\mehulgupta\.m2\repository\org\mockito\mockito-core\3.2.4\mockito-core-3.2.4.jar;C:\Users\mehulgupta\.m2\repository\net\bytebuddy\byte-buddy\1.10.7\byte-buddy-1.10.7.jar;C:\Users\mehulgupta\.m2\repository\net\bytebuddy\byte-buddy-agent\1.10.7\byte-buddy-agent-1.10.7.jar;C:\Users\mehulgupta\.m2\repository\org\objenesis\objenesis\2.6\objenesis-2.6.jar;C:\Users\mehulgupta\.m2\repository\org\mockito\mockito-junit-jupiter\3.2.4\mockito-junit-jupiter-3.2.4.jar;C:\Users\mehulgupta\.m2\repository\org\skyscreamer\jsonassert\1.5.0\jsonassert-1.5.0.jar;C:\Users\mehulgupta\.m2\repository\com\vaadin\external\google\android-json\0.0.20131108.vaadin1\android-json-0.0.20131108.vaadin1.jar;C:\Users\mehulgupta\.m2\repository\org\springframework\spring-core\5.2.3.RELEASE\spring-core-5.2.3.RELEASE.jar;C:\Users\mehulgupta\.m2\repository\org\springframework\spring-jcl\5.2.3.RELEASE\spring-jcl-5.2.3.RELEASE.jar;C:\Users\mehulgupta\.m2\repository\org\springframework\spring-test\5.2.3.RELEASE\spring-test-5.2.3.RELEASE.jar;C:\Users\mehulgupta\.m2\repository\org\xmlunit\xmlunit-core\2.6.3\xmlunit-core-2.6.3.jar;"/>
    <property name="java.vm.vendor" value="Eclipse Adoptium"/>
    <property name="sun.arch.data.model" value="64"/>
    <property name="user.variant" value=""/>
    <property name="java.vendor.url" value="https://adoptium.net/"/>
    <property name="user.timezone" value="Asia/Calcutta"/>
    <property name="os.name" value="Windows 10"/>
    <property name="java.vm.specification.version" value="17"/>
    <property name="sun.java.launcher" value="SUN_STANDARD"/>
    <property name="user.country" value="IN"/>
    <property name="sun.boot.library.path" value="C:\Users\mehulgupta\.p2\pool\plugins\org.eclipse.justj.openjdk.hotspot.jre.full.win32.x86_64_17.0.1.v20211116-1657\jre\bin"/>
    <property name="sun.java.command" value="C:\Users\MEHULG~1\AppData\Local\Temp\surefire5465437958347082348\surefirebooter16240447884318509898.jar C:\Users\mehulgupta\AppData\Local\Temp\surefire5465437958347082348 2023-02-02T13-23-32_388-jvmRun1 surefire2372550919120061626tmp surefire_015707569763347348269tmp"/>
    <property name="jdk.debug" value="release"/>
    <property name="surefire.test.class.path" value="C:\Users\mehulgupta\Downloads\spring-boot-rest-example\target\test-classes;C:\Users\mehulgupta\Downloads\spring-boot-rest-example\target\classes;C:\Users\mehulgupta\.m2\repository\org\springframework\boot\spring-boot-starter-web\2.3.0.M2\spring-boot-starter-web-2.3.0.M2.jar;C:\Users\mehulgupta\.m2\repository\org\springframework\boot\spring-boot-starter\2.3.0.M2\spring-boot-starter-2.3.0.M2.jar;C:\Users\mehulgupta\.m2\repository\org\springframework\boot\spring-boot\2.3.0.M2\spring-boot-2.3.0.M2.jar;C:\Users\mehulgupta\.m2\repository\org\springframework\boot\spring-boot-autoconfigure\2.3.0.M2\spring-boot-autoconfigure-2.3.0.M2.jar;C:\Users\mehulgupta\.m2\repository\org\springframework\boot\spring-boot-starter-logging\2.3.0.M2\spring-boot-starter-logging-2.3.0.M2.jar;C:\Users\mehulgupta\.m2\repository\ch\qos\logback\logback-classic\1.2.3\logback-classic-1.2.3.jar;C:\Users\mehulgupta\.m2\repository\ch\qos\logback\logback-core\1.2.3\logback-core-1.2.3.jar;C:\Users\mehulgupta\.m2\repository\org\apache\logging\log4j\log4j-to-slf4j\2.13.0\log4j-to-slf4j-2.13.0.jar;C:\Users\mehulgupta\.m2\repository\org\apache\logging\log4j\log4j-api\2.13.0\log4j-api-2.13.0.jar;C:\Users\mehulgupta\.m2\repository\org\slf4j\jul-to-slf4j\1.7.30\jul-to-slf4j-1.7.30.jar;C:\Users\mehulgupta\.m2\repository\jakarta\annotation\jakarta.annotation-api\1.3.5\jakarta.annotation-api-1.3.5.jar;C:\Users\mehulgupta\.m2\repository\org\yaml\snakeyaml\1.25\snakeyaml-1.25.jar;C:\Users\mehulgupta\.m2\repository\org\springframework\boot\spring-boot-starter-json\2.3.0.M2\spring-boot-starter-json-2.3.0.M2.jar;C:\Users\mehulgupta\.m2\repository\com\fasterxml\jackson\core\jackson-databind\2.10.1\jackson-databind-2.10.1.jar;C:\Users\mehulgupta\.m2\repository\com\fasterxml\jackson\core\jackson-annotations\2.10.1\jackson-annotations-2.10.1.jar;C:\Users\mehulgupta\.m2\repository\com\fasterxml\jackson\core\jackson-core\2.10.1\jackson-core-2.10.1.jar;C:\Users\mehulgupta\.m2\repository\com\fasterxml\jackson\datatype\jackson-datatype-jdk8\2.10.1\jackson-datatype-jdk8-2.10.1.jar;C:\Users\mehulgupta\.m2\repository\com\fasterxml\jackson\datatype\jackson-datatype-jsr310\2.10.1\jackson-datatype-jsr310-2.10.1.jar;C:\Users\mehulgupta\.m2\repository\com\fasterxml\jackson\module\jackson-module-parameter-names\2.10.1\jackson-module-parameter-names-2.10.1.jar;C:\Users\mehulgupta\.m2\repository\org\springframework\boot\spring-boot-starter-tomcat\2.3.0.M2\spring-boot-starter-tomcat-2.3.0.M2.jar;C:\Users\mehulgupta\.m2\repository\org\apache\tomcat\embed\tomcat-embed-core\9.0.31\tomcat-embed-core-9.0.31.jar;C:\Users\mehulgupta\.m2\repository\org\glassfish\jakarta.el\3.0.3\jakarta.el-3.0.3.jar;C:\Users\mehulgupta\.m2\repository\org\apache\tomcat\embed\tomcat-embed-websocket\9.0.31\tomcat-embed-websocket-9.0.31.jar;C:\Users\mehulgupta\.m2\repository\org\springframework\spring-web\5.2.3.RELEASE\spring-web-5.2.3.RELEASE.jar;C:\Users\mehulgupta\.m2\repository\org\springframework\spring-beans\5.2.3.RELEASE\spring-beans-5.2.3.RELEASE.jar;C:\Users\mehulgupta\.m2\repository\org\springframework\spring-webmvc\5.2.3.RELEASE\spring-webmvc-5.2.3.RELEASE.jar;C:\Users\mehulgupta\.m2\repository\org\springframework\spring-aop\5.2.3.RELEASE\spring-aop-5.2.3.RELEASE.jar;C:\Users\mehulgupta\.m2\repository\org\springframework\spring-context\5.2.3.RELEASE\spring-context-5.2.3.RELEASE.jar;C:\Users\mehulgupta\.m2\repository\org\springframework\spring-expression\5.2.3.RELEASE\spring-expression-5.2.3.RELEASE.jar;C:\Users\mehulgupta\.m2\repository\org\springframework\boot\spring-boot-starter-test\2.3.0.M2\spring-boot-starter-test-2.3.0.M2.jar;C:\Users\mehulgupta\.m2\repository\org\springframework\boot\spring-boot-test\2.3.0.M2\spring-boot-test-2.3.0.M2.jar;C:\Users\mehulgupta\.m2\repository\org\springframework\boot\spring-boot-test-autoconfigure\2.3.0.M2\spring-boot-test-autoconfigure-2.3.0.M2.jar;C:\Users\mehulgupta\.m2\repository\com\jayway\jsonpath\json-path\2.4.0\json-path-2.4.0.jar;C:\Users\mehulgupta\.m2\repository\net\minidev\json-smart\2.3\json-smart-2.3.jar;C:\Users\mehulgupta\.m2\repository\net\minidev\accessors-smart\1.2\accessors-smart-1.2.jar;C:\Users\mehulgupta\.m2\repository\org\ow2\asm\asm\5.0.4\asm-5.0.4.jar;C:\Users\mehulgupta\.m2\repository\org\slf4j\slf4j-api\1.7.30\slf4j-api-1.7.30.jar;C:\Users\mehulgupta\.m2\repository\jakarta\xml\bind\jakarta.xml.bind-api\2.3.2\jakarta.xml.bind-api-2.3.2.jar;C:\Users\mehulgupta\.m2\repository\jakarta\activation\jakarta.activation-api\1.2.1\jakarta.activation-api-1.2.1.jar;C:\Users\mehulgupta\.m2\repository\org\assertj\assertj-core\3.15.0\assertj-core-3.15.0.jar;C:\Users\mehulgupta\.m2\repository\org\hamcrest\hamcrest\2.2\hamcrest-2.2.jar;C:\Users\mehulgupta\.m2\repository\org\junit\jupiter\junit-jupiter\5.6.0\junit-jupiter-5.6.0.jar;C:\Users\mehulgupta\.m2\repository\org\junit\jupiter\junit-jupiter-api\5.6.0\junit-jupiter-api-5.6.0.jar;C:\Users\mehulgupta\.m2\repository\org\apiguardian\apiguardian-api\1.1.0\apiguardian-api-1.1.0.jar;C:\Users\mehulgupta\.m2\repository\org\opentest4j\opentest4j\1.2.0\opentest4j-1.2.0.jar;C:\Users\mehulgupta\.m2\repository\org\junit\platform\junit-platform-commons\1.6.0\junit-platform-commons-1.6.0.jar;C:\Users\mehulgupta\.m2\repository\org\junit\jupiter\junit-jupiter-params\5.6.0\junit-jupiter-params-5.6.0.jar;C:\Users\mehulgupta\.m2\repository\org\junit\jupiter\junit-jupiter-engine\5.6.0\junit-jupiter-engine-5.6.0.jar;C:\Users\mehulgupta\.m2\repository\org\junit\platform\junit-platform-engine\1.6.0\junit-platform-engine-1.6.0.jar;C:\Users\mehulgupta\.m2\repository\org\mockito\mockito-core\3.2.4\mockito-core-3.2.4.jar;C:\Users\mehulgupta\.m2\repository\net\bytebuddy\byte-buddy\1.10.7\byte-buddy-1.10.7.jar;C:\Users\mehulgupta\.m2\repository\net\bytebuddy\byte-buddy-agent\1.10.7\byte-buddy-agent-1.10.7.jar;C:\Users\mehulgupta\.m2\repository\org\objenesis\objenesis\2.6\objenesis-2.6.jar;C:\Users\mehulgupta\.m2\repository\org\mockito\mockito-junit-jupiter\3.2.4\mockito-junit-jupiter-3.2.4.jar;C:\Users\mehulgupta\.m2\repository\org\skyscreamer\jsonassert\1.5.0\jsonassert-1.5.0.jar;C:\Users\mehulgupta\.m2\repository\com\vaadin\external\google\android-json\0.0.20131108.vaadin1\android-json-0.0.20131108.vaadin1.jar;C:\Users\mehulgupta\.m2\repository\org\springframework\spring-core\5.2.3.RELEASE\spring-core-5.2.3.RELEASE.jar;C:\Users\mehulgupta\.m2\repository\org\springframework\spring-jcl\5.2.3.RELEASE\spring-jcl-5.2.3.RELEASE.jar;C:\Users\mehulgupta\.m2\repository\org\springframework\spring-test\5.2.3.RELEASE\spring-test-5.2.3.RELEASE.jar;C:\Users\mehulgupta\.m2\repository\org\xmlunit\xmlunit-core\2.6.3\xmlunit-core-2.6.3.jar;"/>
    <property name="sun.cpu.endian" value="little"/>
    <property name="user.home" value="C:\Users\mehulgupta"/>
    <property name="user.language" value="en"/>
    <property name="java.specification.vendor" value="Oracle Corporation"/>
    <property name="java.version.date" value="2021-10-19"/>
    <property name="java.home" value="C:\Users\mehulgupta\.p2\pool\plugins\org.eclipse.justj.openjdk.hotspot.jre.full.win32.x86_64_17.0.1.v20211116-1657\jre"/>
    <property name="file.separator" value="\"/>
    <property name="basedir" value="C:\Users\mehulgupta\Downloads\spring-boot-rest-example"/>
    <property name="java.vm.compressedOopsMode" value="Zero based"/>
    <property name="line.separator" value="&#10;"/>
    <property name="java.vm.specification.vendor" value="Oracle Corporation"/>
    <property name="java.specification.name" value="Java Platform API Specification"/>
    <property name="surefire.real.class.path" value="C:\Users\MEHULG~1\AppData\Local\Temp\surefire5465437958347082348\surefirebooter16240447884318509898.jar"/>
    <property name="user.script" value=""/>
    <property name="sun.management.compiler" value="HotSpot 64-Bit Tiered Compilers"/>
    <property name="java.runtime.version" value="17.0.1+12"/>
    <property name="user.name" value="mehulgupta"/>
    <property name="path.separator" value=";"/>
    <property name="os.version" value="10.0"/>
    <property name="java.runtime.name" value="OpenJDK Runtime Environment"/>
    <property name="file.encoding" value="Cp1252"/>
    <property name="java.vm.name" value="OpenJDK 64-Bit Server VM"/>
    <property name="java.vendor.version" value="Temurin-17.0.1+12"/>
    <property name="localRepository" value="C:\Users\mehulgupta\.m2\repository"/>
    <property name="java.vendor.url.bug" value="https://github.com/adoptium/adoptium-support/issues"/>
    <property name="java.io.tmpdir" value="C:\Users\MEHULG~1\AppData\Local\Temp\"/>
    <property name="java.version" value="17.0.1"/>
    <property name="user.dir" value="C:\Users\mehulgupta\Downloads\spring-boot-rest-example"/>
    <property name="os.arch" value="amd64"/>
    <property name="java.vm.specification.name" value="Java Virtual Machine Specification"/>
    <property name="sun.os.patch.level" value=""/>
    <property name="native.encoding" value="Cp1252"/>
    <property name="java.library.path" value="C:\Users\mehulgupta\.p2\pool\plugins\org.eclipse.justj.openjdk.hotspot.jre.full.win32.x86_64_17.0.1.v20211116-1657\jre\bin;C:\WINDOWS\Sun\Java\bin;C:\WINDOWS\system32;C:\WINDOWS;C:/Users/mehulgupta/.p2/pool/plugins/org.eclipse.justj.openjdk.hotspot.jre.full.win32.x86_64_17.0.1.v20211116-1657/jre/bin/server;C:/Users/mehulgupta/.p2/pool/plugins/org.eclipse.justj.openjdk.hotspot.jre.full.win32.x86_64_17.0.1.v20211116-1657/jre/bin;C:\Program Files\Common Files\Oracle\Java\javapath;C:\WINDOWS\system32;C:\WINDOWS;C:\WINDOWS\System32\Wbem;C:\WINDOWS\System32\WindowsPowerShell\v1.0\;C:\WINDOWS\System32\OpenSSH\;C:\Program Files\TortoiseSVN\bin;C:\Program Files\Azure Data Studio\bin;C:\Program Files (x86)\Microsoft SQL Server\150\DTS\Binn\;C:\Program Files\Microsoft SQL Server\Client SDK\ODBC\130\Tools\Binn\;C:\Program Files (x86)\Microsoft SQL Server\140\Tools\Binn\;C:\Program Files\Microsoft SQL Server\140\Tools\Binn\;C:\Program Files\Microsoft SQL Server\140\DTS\Binn\;C:\Program Files\Apache Software Foundation\apache-maven-3.8.4\bin;C:\Program Files\Apache Software Foundation\apache-ant-1.9.16\bin;C:\Program Files\nodejs\;C:\Program Files\MongoDB\Server\5.0\bin;C:\Program Files\Go\bin;C:\Program Files\Kubernetes\Minikube;C:\Users\mehulgupta\AppData\Local\Microsoft\WindowsApps;C:\Users\mehulgupta\AppData\Local\Programs\Microsoft VS Code\bin;C:\Users\mehulgupta\AppData\Local\Programs\Git\cmd;C:\Users\mehulgupta\AppData\Local\Programs\Git\mingw64\bin;C:\Users\mehulgupta\AppData\Local\Programs\Git\usr\bin;C:\Users\mehulgupta\AppData\Roaming\npm;C:\Program Files\Azure Data Studio\bin;C:\Program Files\Apache Software Foundation\apache-ant-1.9.16\bin;C:\Program Files\Apache Software Foundation\apache-maven-3.8.4\bin;;C:\WINDOWS\System32;;."/>
    <property name="java.vm.info" value="mixed mode"/>
    <property name="java.vendor" value="Eclipse Adoptium"/>
    <property name="java.vm.version" value="17.0.1+12"/>
    <property name="sun.io.unicode.encoding" value="UnicodeLittle"/>
    <property name="java.class.version" value="61.0"/>
  </properties>
  <testcase name="contextLoads" classname="com.fresher.training.assignment.SpringBootRestExampleApplicationTests" time="0.234"/>
</testsuite>